<?xml version="1.0" encoding="UTF-8"?>
<testng-results ignored="0" total="1" passed="1" failed="0" skipped="0">
  <reporter-output>
  </reporter-output>
  <suite started-at="2025-12-18T21:56:47 EST" name="Default suite" finished-at="2025-12-18T21:56:56 EST" duration-ms="8658">
    <groups>
      <group name="cucumber">
        <method signature="AbstractTestNGCucumberTests.runScenario(io.cucumber.testng.PickleWrapper,io.cucumber.testng.FeatureWrapper)[pri:0, instance:com.test.runner.Runner@710f4dc7]" name="runScenario" class="io.cucumber.testng.AbstractTestNGCucumberTests"/>
      </group> <!-- cucumber -->
    </groups>
    <test started-at="2025-12-18T21:56:47 EST" name="Default test" finished-at="2025-12-18T21:56:56 EST" duration-ms="8658">
      <class name="com.test.runner.Runner">
        <test-method is-config="true" signature="setUpClass(org.testng.ITestContext)[pri:0, instance:com.test.runner.Runner@710f4dc7]" started-at="2025-12-18T21:56:47 EST" name="setUpClass" finished-at="2025-12-18T21:56:48 EST" duration-ms="427" status="PASS">
          <params>
            <param index="0">
              <value>
                <![CDATA[org.testng.TestRunner@759fad4]]>
              </value>
            </param>
          </params>
          <reporter-output>
          </reporter-output>
        </test-method> <!-- setUpClass -->
        <test-method signature="runScenario(io.cucumber.testng.PickleWrapper,io.cucumber.testng.FeatureWrapper)[pri:0, instance:com.test.runner.Runner@710f4dc7]" started-at="2025-12-18T21:56:48 EST" name="runScenario" description="Runs Cucumber Scenarios" data-provider="scenarios" finished-at="2025-12-18T21:56:56 EST" duration-ms="8161" status="PASS">
          <params>
            <param index="0">
              <value>
                <![CDATA["Payment should be successful when add to cart and checkout"]]>
              </value>
            </param>
            <param index="1">
              <value>
                <![CDATA["Payment Functionality Test"]]>
              </value>
            </param>
          </params>
          <reporter-output>
          </reporter-output>
        </test-method> <!-- runScenario -->
        <test-method is-config="true" signature="tearDownClass()[pri:0, instance:com.test.runner.Runner@710f4dc7]" started-at="2025-12-18T21:56:56 EST" name="tearDownClass" finished-at="2025-12-18T21:56:56 EST" duration-ms="36" status="PASS">
          <reporter-output>
          </reporter-output>
        </test-method> <!-- tearDownClass -->
      </class> <!-- com.test.runner.Runner -->
    </test> <!-- Default test -->
  </suite> <!-- Default suite -->
</testng-results>
